<?xml version="1.0" encoding="UTF-8"?>
<testsuite name="Automation Test"
           tests="7"
           failures="0"
           errors="0"
           skipped="0"
           time="69.650">
  <properties />
  
  
            <testcase name="verifyTheErrorMessageWithInValidCredentials" time="3.822" classname="com.automation.testsuite.SignPageTest" />
                <testcase name="userShouldNavigateToSignInPageSuccessFully" time="2.410" classname="com.automation.testsuite.SignPageTest" />
                <testcase name="verifyTheErrorMessageWithInValidCredentials" time="15.360" classname="com.automation.testsuite.SignPageTest" />
                <testcase name="VerifyThatUserShouldLogOutSuccessFully" time="13.051" classname="com.automation.testsuite.SignPageTest" />
                <testcase name="verifyThatUserShouldLogInSuccessFullyWithValidCredentials" time="3.246" classname="com.automation.testsuite.SignPageTest" />
                <testcase name="verifyTheErrorMessageWithInValidCredentials" time="16.463" classname="com.automation.testsuite.SignPageTest" />
                <testcase name="verifyTheErrorMessageWithInValidCredentials" time="15.298" classname="com.automation.testsuite.SignPageTest" />
      
</testsuite>
